[2022-08-01 05:14:38,523] INFO Reading configuration from: config/zookeeper.properties (org.apache.zookeeper.server.quorum.QuorumPeerConfig)
[2022-08-01 05:14:38,524] WARN config/zookeeper.properties is relative. Prepend ./ to indicate that you're sure! (org.apache.zookeeper.server.quorum.QuorumPeerConfig)
[2022-08-01 05:14:38,530] INFO clientPortAddress is 0.0.0.0:2181 (org.apache.zookeeper.server.quorum.QuorumPeerConfig)
[2022-08-01 05:14:38,530] INFO secureClientPort is not set (org.apache.zookeeper.server.quorum.QuorumPeerConfig)
[2022-08-01 05:14:38,530] INFO observerMasterPort is not set (org.apache.zookeeper.server.quorum.QuorumPeerConfig)
[2022-08-01 05:14:38,530] INFO metricsProvider.className is org.apache.zookeeper.metrics.impl.DefaultMetricsProvider (org.apache.zookeeper.server.quorum.QuorumPeerConfig)
[2022-08-01 05:14:38,532] INFO autopurge.snapRetainCount set to 3 (org.apache.zookeeper.server.DatadirCleanupManager)
[2022-08-01 05:14:38,532] INFO autopurge.purgeInterval set to 0 (org.apache.zookeeper.server.DatadirCleanupManager)
[2022-08-01 05:14:38,532] INFO Purge task is not scheduled. (org.apache.zookeeper.server.DatadirCleanupManager)
[2022-08-01 05:14:38,533] WARN Either no config or no quorum defined in config, running in standalone mode (org.apache.zookeeper.server.quorum.QuorumPeerMain)
[2022-08-01 05:14:38,534] INFO Log4j 1.2 jmx support not found; jmx disabled. (org.apache.zookeeper.jmx.ManagedUtil)
[2022-08-01 05:14:38,534] INFO Reading configuration from: config/zookeeper.properties (org.apache.zookeeper.server.quorum.QuorumPeerConfig)
[2022-08-01 05:14:38,535] WARN config/zookeeper.properties is relative. Prepend ./ to indicate that you're sure! (org.apache.zookeeper.server.quorum.QuorumPeerConfig)
[2022-08-01 05:14:38,535] INFO clientPortAddress is 0.0.0.0:2181 (org.apache.zookeeper.server.quorum.QuorumPeerConfig)
[2022-08-01 05:14:38,535] INFO secureClientPort is not set (org.apache.zookeeper.server.quorum.QuorumPeerConfig)
[2022-08-01 05:14:38,535] INFO observerMasterPort is not set (org.apache.zookeeper.server.quorum.QuorumPeerConfig)
[2022-08-01 05:14:38,535] INFO metricsProvider.className is org.apache.zookeeper.metrics.impl.DefaultMetricsProvider (org.apache.zookeeper.server.quorum.QuorumPeerConfig)
[2022-08-01 05:14:38,535] INFO Starting server (org.apache.zookeeper.server.ZooKeeperServerMain)
[2022-08-01 05:14:38,549] INFO ServerMetrics initialized with provider org.apache.zookeeper.metrics.impl.DefaultMetricsProvider@548a102f (org.apache.zookeeper.server.ServerMetrics)
[2022-08-01 05:14:38,552] INFO zookeeper.snapshot.trust.empty : false (org.apache.zookeeper.server.persistence.FileTxnSnapLog)
[2022-08-01 05:14:38,563] INFO  (org.apache.zookeeper.server.ZooKeeperServer)
[2022-08-01 05:14:38,563] INFO   ______                  _                                           (org.apache.zookeeper.server.ZooKeeperServer)
[2022-08-01 05:14:38,563] INFO  |___  /                 | |                                          (org.apache.zookeeper.server.ZooKeeperServer)
[2022-08-01 05:14:38,563] INFO     / /    ___     ___   | | __   ___    ___   _ __     ___   _ __    (org.apache.zookeeper.server.ZooKeeperServer)
[2022-08-01 05:14:38,563] INFO    / /    / _ \   / _ \  | |/ /  / _ \  / _ \ | '_ \   / _ \ | '__| (org.apache.zookeeper.server.ZooKeeperServer)
[2022-08-01 05:14:38,563] INFO   / /__  | (_) | | (_) | |   <  |  __/ |  __/ | |_) | |  __/ | |     (org.apache.zookeeper.server.ZooKeeperServer)
[2022-08-01 05:14:38,563] INFO  /_____|  \___/   \___/  |_|\_\  \___|  \___| | .__/   \___| |_| (org.apache.zookeeper.server.ZooKeeperServer)
[2022-08-01 05:14:38,563] INFO                                               | |                      (org.apache.zookeeper.server.ZooKeeperServer)
[2022-08-01 05:14:38,563] INFO                                               |_|                      (org.apache.zookeeper.server.ZooKeeperServer)
[2022-08-01 05:14:38,563] INFO  (org.apache.zookeeper.server.ZooKeeperServer)
[2022-08-01 05:14:38,566] INFO Server environment:zookeeper.version=3.6.3--6401e4ad2087061bc6b9f80dec2d69f2e3c8660a, built on 04/08/2021 16:35 GMT (org.apache.zookeeper.server.ZooKeeperServer)
[2022-08-01 05:14:38,566] INFO Server environment:host.name=ip-172-31-23-139.ec2.internal (org.apache.zookeeper.server.ZooKeeperServer)
[2022-08-01 05:14:38,566] INFO Server environment:java.version=11.0.15 (org.apache.zookeeper.server.ZooKeeperServer)
[2022-08-01 05:14:38,566] INFO Server environment:java.vendor=Private Build (org.apache.zookeeper.server.ZooKeeperServer)
[2022-08-01 05:14:38,566] INFO Server environment:java.home=/usr/lib/jvm/java-11-openjdk-amd64 (org.apache.zookeeper.server.ZooKeeperServer)
[2022-08-01 05:14:38,566] INFO Server environment:java.class.path=/home/ubuntu/kafka/bin/../libs/activation-1.1.1.jar:/home/ubuntu/kafka/bin/../libs/aopalliance-repackaged-2.6.1.jar:/home/ubuntu/kafka/bin/../libs/argparse4j-0.7.0.jar:/home/ubuntu/kafka/bin/../libs/audience-annotations-0.5.0.jar:/home/ubuntu/kafka/bin/../libs/commons-cli-1.4.jar:/home/ubuntu/kafka/bin/../libs/commons-lang3-3.8.1.jar:/home/ubuntu/kafka/bin/../libs/connect-api-3.2.0.jar:/home/ubuntu/kafka/bin/../libs/connect-basic-auth-extension-3.2.0.jar:/home/ubuntu/kafka/bin/../libs/connect-json-3.2.0.jar:/home/ubuntu/kafka/bin/../libs/connect-mirror-3.2.0.jar:/home/ubuntu/kafka/bin/../libs/connect-mirror-client-3.2.0.jar:/home/ubuntu/kafka/bin/../libs/connect-runtime-3.2.0.jar:/home/ubuntu/kafka/bin/../libs/connect-transforms-3.2.0.jar:/home/ubuntu/kafka/bin/../libs/hk2-api-2.6.1.jar:/home/ubuntu/kafka/bin/../libs/hk2-locator-2.6.1.jar:/home/ubuntu/kafka/bin/../libs/hk2-utils-2.6.1.jar:/home/ubuntu/kafka/bin/../libs/jackson-annotations-2.12.6.jar:/home/ubuntu/kafka/bin/../libs/jackson-core-2.12.6.jar:/home/ubuntu/kafka/bin/../libs/jackson-databind-2.12.6.1.jar:/home/ubuntu/kafka/bin/../libs/jackson-dataformat-csv-2.12.6.jar:/home/ubuntu/kafka/bin/../libs/jackson-datatype-jdk8-2.12.6.jar:/home/ubuntu/kafka/bin/../libs/jackson-jaxrs-base-2.12.6.jar:/home/ubuntu/kafka/bin/../libs/jackson-jaxrs-json-provider-2.12.6.jar:/home/ubuntu/kafka/bin/../libs/jackson-module-jaxb-annotations-2.12.6.jar:/home/ubuntu/kafka/bin/../libs/jackson-module-scala_2.13-2.12.6.jar:/home/ubuntu/kafka/bin/../libs/jakarta.activation-api-1.2.1.jar:/home/ubuntu/kafka/bin/../libs/jakarta.annotation-api-1.3.5.jar:/home/ubuntu/kafka/bin/../libs/jakarta.inject-2.6.1.jar:/home/ubuntu/kafka/bin/../libs/jakarta.validation-api-2.0.2.jar:/home/ubuntu/kafka/bin/../libs/jakarta.ws.rs-api-2.1.6.jar:/home/ubuntu/kafka/bin/../libs/jakarta.xml.bind-api-2.3.2.jar:/home/ubuntu/kafka/bin/../libs/javassist-3.27.0-GA.jar:/home/ubuntu/kafka/bin/../libs/javax.servlet-api-3.1.0.jar:/home/ubuntu/kafka/bin/../libs/javax.ws.rs-api-2.1.1.jar:/home/ubuntu/kafka/bin/../libs/jaxb-api-2.3.0.jar:/home/ubuntu/kafka/bin/../libs/jersey-client-2.34.jar:/home/ubuntu/kafka/bin/../libs/jersey-common-2.34.jar:/home/ubuntu/kafka/bin/../libs/jersey-container-servlet-2.34.jar:/home/ubuntu/kafka/bin/../libs/jersey-container-servlet-core-2.34.jar:/home/ubuntu/kafka/bin/../libs/jersey-hk2-2.34.jar:/home/ubuntu/kafka/bin/../libs/jersey-server-2.34.jar:/home/ubuntu/kafka/bin/../libs/jetty-client-9.4.44.v20210927.jar:/home/ubuntu/kafka/bin/../libs/jetty-continuation-9.4.44.v20210927.jar:/home/ubuntu/kafka/bin/../libs/jetty-http-9.4.44.v20210927.jar:/home/ubuntu/kafka/bin/../libs/jetty-io-9.4.44.v20210927.jar:/home/ubuntu/kafka/bin/../libs/jetty-security-9.4.44.v20210927.jar:/home/ubuntu/kafka/bin/../libs/jetty-server-9.4.44.v20210927.jar:/home/ubuntu/kafka/bin/../libs/jetty-servlet-9.4.44.v20210927.jar:/home/ubuntu/kafka/bin/../libs/jetty-servlets-9.4.44.v20210927.jar:/home/ubuntu/kafka/bin/../libs/jetty-util-9.4.44.v20210927.jar:/home/ubuntu/kafka/bin/../libs/jetty-util-ajax-9.4.44.v20210927.jar:/home/ubuntu/kafka/bin/../libs/jline-3.21.0.jar:/home/ubuntu/kafka/bin/../libs/jopt-simple-5.0.4.jar:/home/ubuntu/kafka/bin/../libs/jose4j-0.7.9.jar:/home/ubuntu/kafka/bin/../libs/kafka-clients-3.2.0.jar:/home/ubuntu/kafka/bin/../libs/kafka-log4j-appender-3.2.0.jar:/home/ubuntu/kafka/bin/../libs/kafka-metadata-3.2.0.jar:/home/ubuntu/kafka/bin/../libs/kafka-raft-3.2.0.jar:/home/ubuntu/kafka/bin/../libs/kafka-server-common-3.2.0.jar:/home/ubuntu/kafka/bin/../libs/kafka-shell-3.2.0.jar:/home/ubuntu/kafka/bin/../libs/kafka-storage-3.2.0.jar:/home/ubuntu/kafka/bin/../libs/kafka-storage-api-3.2.0.jar:/home/ubuntu/kafka/bin/../libs/kafka-streams-3.2.0.jar:/home/ubuntu/kafka/bin/../libs/kafka-streams-examples-3.2.0.jar:/home/ubuntu/kafka/bin/../libs/kafka-streams-scala_2.13-3.2.0.jar:/home/ubuntu/kafka/bin/../libs/kafka-streams-test-utils-3.2.0.jar:/home/ubuntu/kafka/bin/../libs/kafka-tools-3.2.0.jar:/home/ubuntu/kafka/bin/../libs/kafka_2.13-3.2.0.jar:/home/ubuntu/kafka/bin/../libs/lz4-java-1.8.0.jar:/home/ubuntu/kafka/bin/../libs/maven-artifact-3.8.4.jar:/home/ubuntu/kafka/bin/../libs/metrics-core-2.2.0.jar:/home/ubuntu/kafka/bin/../libs/metrics-core-4.1.12.1.jar:/home/ubuntu/kafka/bin/../libs/netty-buffer-4.1.73.Final.jar:/home/ubuntu/kafka/bin/../libs/netty-codec-4.1.73.Final.jar:/home/ubuntu/kafka/bin/../libs/netty-common-4.1.73.Final.jar:/home/ubuntu/kafka/bin/../libs/netty-handler-4.1.73.Final.jar:/home/ubuntu/kafka/bin/../libs/netty-resolver-4.1.73.Final.jar:/home/ubuntu/kafka/bin/../libs/netty-tcnative-classes-2.0.46.Final.jar:/home/ubuntu/kafka/bin/../libs/netty-transport-4.1.73.Final.jar:/home/ubuntu/kafka/bin/../libs/netty-transport-classes-epoll-4.1.73.Final.jar:/home/ubuntu/kafka/bin/../libs/netty-transport-native-epoll-4.1.73.Final.jar:/home/ubuntu/kafka/bin/../libs/netty-transport-native-unix-common-4.1.73.Final.jar:/home/ubuntu/kafka/bin/../libs/osgi-resource-locator-1.0.3.jar:/home/ubuntu/kafka/bin/../libs/paranamer-2.8.jar:/home/ubuntu/kafka/bin/../libs/plexus-utils-3.3.0.jar:/home/ubuntu/kafka/bin/../libs/reflections-0.9.12.jar:/home/ubuntu/kafka/bin/../libs/reload4j-1.2.19.jar:/home/ubuntu/kafka/bin/../libs/rocksdbjni-6.29.4.1.jar:/home/ubuntu/kafka/bin/../libs/scala-collection-compat_2.13-2.6.0.jar:/home/ubuntu/kafka/bin/../libs/scala-java8-compat_2.13-1.0.2.jar:/home/ubuntu/kafka/bin/../libs/scala-library-2.13.8.jar:/home/ubuntu/kafka/bin/../libs/scala-logging_2.13-3.9.4.jar:/home/ubuntu/kafka/bin/../libs/scala-reflect-2.13.8.jar:/home/ubuntu/kafka/bin/../libs/slf4j-api-1.7.36.jar:/home/ubuntu/kafka/bin/../libs/slf4j-reload4j-1.7.36.jar:/home/ubuntu/kafka/bin/../libs/snappy-java-1.1.8.4.jar:/home/ubuntu/kafka/bin/../libs/trogdor-3.2.0.jar:/home/ubuntu/kafka/bin/../libs/zookeeper-3.6.3.jar:/home/ubuntu/kafka/bin/../libs/zookeeper-jute-3.6.3.jar:/home/ubuntu/kafka/bin/../libs/zstd-jni-1.5.2-1.jar (org.apache.zookeeper.server.ZooKeeperServer)
[2022-08-01 05:14:38,567] INFO Server environment:java.library.path=/usr/java/packages/lib:/usr/lib/x86_64-linux-gnu/jni:/lib/x86_64-linux-gnu:/usr/lib/x86_64-linux-gnu:/usr/lib/jni:/lib:/usr/lib (org.apache.zookeeper.server.ZooKeeperServer)
[2022-08-01 05:14:38,567] INFO Server environment:java.io.tmpdir=/tmp (org.apache.zookeeper.server.ZooKeeperServer)
[2022-08-01 05:14:38,567] INFO Server environment:java.compiler=<NA> (org.apache.zookeeper.server.ZooKeeperServer)
[2022-08-01 05:14:38,567] INFO Server environment:os.name=Linux (org.apache.zookeeper.server.ZooKeeperServer)
[2022-08-01 05:14:38,567] INFO Server environment:os.arch=amd64 (org.apache.zookeeper.server.ZooKeeperServer)
[2022-08-01 05:14:38,567] INFO Server environment:os.version=5.15.0-1011-aws (org.apache.zookeeper.server.ZooKeeperServer)
[2022-08-01 05:14:38,567] INFO Server environment:user.name=ubuntu (org.apache.zookeeper.server.ZooKeeperServer)
[2022-08-01 05:14:38,567] INFO Server environment:user.home=/home/ubuntu (org.apache.zookeeper.server.ZooKeeperServer)
[2022-08-01 05:14:38,567] INFO Server environment:user.dir=/home/ubuntu/kafka (org.apache.zookeeper.server.ZooKeeperServer)
[2022-08-01 05:14:38,567] INFO Server environment:os.memory.free=491MB (org.apache.zookeeper.server.ZooKeeperServer)
[2022-08-01 05:14:38,567] INFO Server environment:os.memory.max=512MB (org.apache.zookeeper.server.ZooKeeperServer)
[2022-08-01 05:14:38,567] INFO Server environment:os.memory.total=512MB (org.apache.zookeeper.server.ZooKeeperServer)
[2022-08-01 05:14:38,567] INFO zookeeper.enableEagerACLCheck = false (org.apache.zookeeper.server.ZooKeeperServer)
[2022-08-01 05:14:38,567] INFO zookeeper.digest.enabled = true (org.apache.zookeeper.server.ZooKeeperServer)
[2022-08-01 05:14:38,567] INFO zookeeper.closeSessionTxn.enabled = true (org.apache.zookeeper.server.ZooKeeperServer)
[2022-08-01 05:14:38,567] INFO zookeeper.flushDelay=0 (org.apache.zookeeper.server.ZooKeeperServer)
[2022-08-01 05:14:38,568] INFO zookeeper.maxWriteQueuePollTime=0 (org.apache.zookeeper.server.ZooKeeperServer)
[2022-08-01 05:14:38,568] INFO zookeeper.maxBatchSize=1000 (org.apache.zookeeper.server.ZooKeeperServer)
[2022-08-01 05:14:38,568] INFO zookeeper.intBufferStartingSizeBytes = 1024 (org.apache.zookeeper.server.ZooKeeperServer)
[2022-08-01 05:14:38,569] INFO Weighed connection throttling is disabled (org.apache.zookeeper.server.BlueThrottle)
[2022-08-01 05:14:38,570] INFO minSessionTimeout set to 6000 (org.apache.zookeeper.server.ZooKeeperServer)
[2022-08-01 05:14:38,570] INFO maxSessionTimeout set to 60000 (org.apache.zookeeper.server.ZooKeeperServer)
[2022-08-01 05:14:38,571] INFO Response cache size is initialized with value 400. (org.apache.zookeeper.server.ResponseCache)
[2022-08-01 05:14:38,572] INFO Response cache size is initialized with value 400. (org.apache.zookeeper.server.ResponseCache)
[2022-08-01 05:14:38,573] INFO zookeeper.pathStats.slotCapacity = 60 (org.apache.zookeeper.server.util.RequestPathMetricsCollector)
[2022-08-01 05:14:38,573] INFO zookeeper.pathStats.slotDuration = 15 (org.apache.zookeeper.server.util.RequestPathMetricsCollector)
[2022-08-01 05:14:38,573] INFO zookeeper.pathStats.maxDepth = 6 (org.apache.zookeeper.server.util.RequestPathMetricsCollector)
[2022-08-01 05:14:38,573] INFO zookeeper.pathStats.initialDelay = 5 (org.apache.zookeeper.server.util.RequestPathMetricsCollector)
[2022-08-01 05:14:38,573] INFO zookeeper.pathStats.delay = 5 (org.apache.zookeeper.server.util.RequestPathMetricsCollector)
[2022-08-01 05:14:38,573] INFO zookeeper.pathStats.enabled = false (org.apache.zookeeper.server.util.RequestPathMetricsCollector)
[2022-08-01 05:14:38,576] INFO The max bytes for all large requests are set to 104857600 (org.apache.zookeeper.server.ZooKeeperServer)
[2022-08-01 05:14:38,576] INFO The large request threshold is set to -1 (org.apache.zookeeper.server.ZooKeeperServer)
[2022-08-01 05:14:38,576] INFO Created server with tickTime 3000 minSessionTimeout 6000 maxSessionTimeout 60000 clientPortListenBacklog -1 datadir /tmp/zookeeper/version-2 snapdir /tmp/zookeeper/version-2 (org.apache.zookeeper.server.ZooKeeperServer)
[2022-08-01 05:14:38,584] INFO Using org.apache.zookeeper.server.NIOServerCnxnFactory as server connection factory (org.apache.zookeeper.server.ServerCnxnFactory)
[2022-08-01 05:14:38,585] WARN maxCnxns is not configured, using default value 0. (org.apache.zookeeper.server.ServerCnxnFactory)
[2022-08-01 05:14:38,587] INFO Configuring NIO connection handler with 10s sessionless connection timeout, 1 selector thread(s), 4 worker threads, and 64 kB direct buffers. (org.apache.zookeeper.server.NIOServerCnxnFactory)
[2022-08-01 05:14:38,592] INFO binding to port 0.0.0.0/0.0.0.0:2181 (org.apache.zookeeper.server.NIOServerCnxnFactory)
[2022-08-01 05:14:38,614] INFO Using org.apache.zookeeper.server.watch.WatchManager as watch manager (org.apache.zookeeper.server.watch.WatchManagerFactory)
[2022-08-01 05:14:38,614] INFO Using org.apache.zookeeper.server.watch.WatchManager as watch manager (org.apache.zookeeper.server.watch.WatchManagerFactory)
[2022-08-01 05:14:38,616] INFO zookeeper.snapshotSizeFactor = 0.33 (org.apache.zookeeper.server.ZKDatabase)
[2022-08-01 05:14:38,616] INFO zookeeper.commitLogCount=500 (org.apache.zookeeper.server.ZKDatabase)
[2022-08-01 05:14:38,620] INFO zookeeper.snapshot.compression.method = CHECKED (org.apache.zookeeper.server.persistence.SnapStream)
[2022-08-01 05:14:38,621] INFO Reading snapshot /tmp/zookeeper/version-2/snapshot.0 (org.apache.zookeeper.server.persistence.FileSnap)
[2022-08-01 05:14:38,624] INFO The digest value is empty in snapshot (org.apache.zookeeper.server.DataTree)
[2022-08-01 05:14:38,627] INFO Snapshot loaded in 12 ms, highest zxid is 0x0, digest is 1371985504 (org.apache.zookeeper.server.ZKDatabase)
[2022-08-01 05:14:38,628] INFO Snapshotting: 0x0 to /tmp/zookeeper/version-2/snapshot.0 (org.apache.zookeeper.server.persistence.FileTxnSnapLog)
[2022-08-01 05:14:38,629] INFO Snapshot taken in 1 ms (org.apache.zookeeper.server.ZooKeeperServer)
[2022-08-01 05:14:38,661] INFO zookeeper.request_throttler.shutdownTimeout = 10000 (org.apache.zookeeper.server.RequestThrottler)
[2022-08-01 05:14:38,662] INFO PrepRequestProcessor (sid:0) started, reconfigEnabled=false (org.apache.zookeeper.server.PrepRequestProcessor)
[2022-08-01 05:14:38,685] INFO Using checkIntervalMs=60000 maxPerMinute=10000 maxNeverUsedIntervalMs=0 (org.apache.zookeeper.server.ContainerManager)
[2022-08-01 05:14:38,685] INFO ZooKeeper audit is disabled. (org.apache.zookeeper.audit.ZKAuditProvider)
[2022-08-01 05:14:50,393] INFO Creating new log file: log.1 (org.apache.zookeeper.server.persistence.FileTxnLog)
